2024-07-27 10:14:06,857 INFO Running c_correlation.py
2024-07-27 10:14:06,872 INFO Arguments loaded with ArgumentParser:
2024-07-27 10:14:06,872 INFO  Argument in_file: ../Results/PetLit_Data_02.xlsx
2024-07-27 10:14:06,872 INFO  Argument log: ../Results/c_correlation.log
2024-07-27 10:14:06,872 INFO  Argument out_folder: ../Results/
2024-07-27 10:14:12,182 INFO Single PET-analysis
2024-07-27 10:14:12,182 INFO  Normaltest PETCT-TLG: p=0.00.
2024-07-27 10:14:12,182 INFO  Normaltest PLASMA-MEAN-MULTI-AF: p=0.00.
2024-07-27 10:14:12,198 INFO  Normaltest PETCT-MTV: p=0.00.
2024-07-27 10:14:12,210 INFO  Number of LBs at T0: 49, Rho PETCT-TLG/PLASMA-MEAN-MULTI-AF: 0.4787877243324356
2024-07-27 10:14:12,210 INFO  Number of LBs at T0: 49, Rho PETCT-MTV/PLASMA-MEAN-MULTI-AF: 0.5539427028002188
2024-07-27 10:14:12,210 INFO  Number of patients: 60
2024-07-27 10:14:12,210 INFO  Number of LBs all Ts: 90, Rho PETCT-TLG/PLASMA-MEAN-MULTI-AF: 0.6678699177547421, p-value: 6.466462441587599e-13
2024-07-27 10:14:13,612 INFO  Number of LBs all Ts: 90, Rho PETCT-MTV/PLASMA-MEAN-MULTI-AF: 0.6863607456956886, p-value: 8.23019048394561e-14
2024-07-27 10:14:14,491 INFO S100
2024-07-27 10:14:14,491 INFO  Normaltest S100-CONC: p=0.00.
2024-07-27 10:14:14,491 INFO  Normaltest PLASMA-MEAN-MULTI-AF: p=0.00.
2024-07-27 10:14:14,491 INFO  Number of patients: 64
2024-07-27 10:14:14,491 INFO  S100 188 Spearman's rho: 0.72, test p-value: 1.1764821759868281e-31
2024-07-27 10:14:15,256 INFO LDH
2024-07-27 10:14:15,256 INFO  Number of patients: 64
2024-07-27 10:14:15,256 INFO  Normaltest LDH-CONC: 4.0836670342042927e-60
2024-07-27 10:14:15,256 INFO  Normaltest PLASMA-MEAN-MULTI-AF: 4.047912421587024e-37
2024-07-27 10:14:15,256 INFO  LDH 201 Spearman's rho: 0.54, p-value: 1.8651784281762377e-16
2024-07-27 10:14:15,971 INFO Writing Excel file...
2024-07-27 10:14:16,117 INFO Done.
